============================= test session starts ==============================
platform linux -- Python 3.13.12, pytest-9.1.1, pluggy-1.6.0 -- /home/philipp/dev/salus/.venv/bin/python
cachedir: .pytest_cache
rootdir: /home/philipp/dev/salus
configfile: pyproject.toml
plugins: cov-7.1.0, anyio-4.14.1
collecting ... collected 6 items / 5 deselected / 1 selected

tests/test_workout.py::test_rpe10_prompt_presence FAILED                 [100%]

=================================== FAILURES ===================================
__________________________ test_rpe10_prompt_presence __________________________
tests/test_workout.py:322: in test_rpe10_prompt_presence
    assert 'id="rpe-prompt-' in response.text
E   assert 'id="rpe-prompt-' in '<!DOCTYPE html>\n<html lang="en" data-theme="system">\n<head>\n    <meta charset="UTF-8">\n    <meta name="viewport" content="width=device-width, initial-scale=1.0">\n    <title>salus \u2014 Active Session</title>\n    <link rel="stylesheet" href="/static/vendor/fonts.css">\n    <link rel="stylesheet" href="/static/tokens.css">\n    <link rel="stylesheet" href="/static/components.css?v=2">\n    <link rel="manifest" href="/static/manifest.json">\n    <script src="/static/vendor/htmx.min.js"></script>\n    <script src="/static/vendor/hyperscript.min.js"></script>\n    <script src="/static/components.js?v=2" defer></script>\n    <script>\n        if (\'serviceWorker\' in navigator) {\n            window.addEventListener(\'load\', function() {\n                navigator.serviceWorker.register(\'/sw.js\').then(function(reg) {\n                    console.log(\'ServiceWorker registered with scope:\', reg.scope);\n                }).catch(function(err) {\n                    console.log(\'ServiceWorker registration failed:\', err);\n                });\n            });\n        }\n    </script>\n    \n    <style>\n        .demo-card-body {\n            background: linear-gradient(135deg, var(--color-indigo-50), var(--color-blue-50));\n            padding: 12px;\n            border-radius: 8px;\n            border: 1px solid var(--color-indigo-100);\n            color: var(--color-slate-800);\n        }\n        [data-theme="dark"] .demo-card-body {\n            background: linear-gradient(135deg, var(--color-indigo-950), #0f172a);\n            border-color: #1e1b4b;\n            color: var(--color-slate-100);\n        }\n        </style>\n    \n    \n</head>\n<body>\n\n    \n    \n    \n    <header class="top-app-bar" role="banner"\n            _="init\n               on scroll from window\n                   if window.scrollY > 8\n                       then add @data-scrolled\n                       else remove @data-scrolled\n                   end\n               end">\n        <div class="top-app-bar__inner">\n\n            <a href="/" class="top-app-bar__logo" aria-label="Home">salus</a>\n\n            <nav class="top-app-bar__nav" aria-label="Main navigation">\n                \n        \n            \n                \n    <a href="/" class="top-app-bar__nav-link" >\n        Dashboard\n    </a>\n\n            \n        \n            \n                \n    <a href="/entries" class="top-app-bar__nav-link" >\n        Logbook\n    </a>\n\n            \n        \n            \n                \n    <a href="/analytics" class="top-app-bar__nav-link" >\n        Analytics\n    </a>\n\n            \n        \n            \n                \n    <a href="/goals" class="top-app-bar__nav-link" >\n        Goals\n    </a>\n\n            \n        \n            \n                \n    <div class="nav-dropdown">\n        <button class="nav-dropdown__trigger" aria-expanded="false" aria-haspopup="true" type="button"\n                _="on click\n                    if @data-open is \'true\'\n                        remove @data-open\n                        set @aria-expanded to \'false\' then call me.blur()\n                    else\n                        send navClose to <button.nav-dropdown__trigger/>\n                        set @data-open to \'true\' then set @aria-expanded to \'true\'\n                    end\n                  end\n                  on navClose\n                    remove @data-open then set @aria-expanded to \'false\'\n                  end\n                  on blur\n                    remove @data-open then set @aria-expanded to \'false\'\n                  end">\n            Workouts <span class="nav-dropdown__chevron material-symbols-outlined" aria-hidden="true">expand_more</span>\n        </button>\n        <div class="nav-dropdown__menu" role="menu">\n                    \n                        \n    <a href="/workouts/plans" class="nav-dropdown__item" role="menuitem" >Plans</a>\n\n                    \n                        \n    <a href="/workouts/exercises" class="nav-dropdown__item" role="menuitem" >Exercises</a>\n\n                    \n                        \n    <a href="/workouts/sessions/active" class="nav-dropdown__item" role="menuitem" aria-current="page">Active</a>\n\n                    \n                </div>\n    </div>\n\n            \n        \n            \n                \n    <div class="nav-dropdown">\n        <button class="nav-dropdown__trigger" aria-expanded="false" aria-haspopup="true" type="button"\n                _="on click\n                    if @data-open is \'true\'\n                        remove @data-open\n                        set @aria-expanded to \'false\' then call me.blur()\n                    else\n                        send navClose to <button.nav-dropdown__trigger/>\n                        set @data-open to \'true\' then set @aria-expanded to \'true\'\n                    end\n                  end\n                  on navClose\n                    remove @data-open then set @aria-expanded to \'false\'\n                  end\n                  on blur\n                    remove @data-open then set @aria-expanded to \'false\'\n                  end">\n            Coach <span class="nav-dropdown__chevron material-symbols-outlined" aria-hidden="true">expand_more</span>\n        </button>\n        <div class="nav-dropdown__menu" role="menu">\n                    \n                        \n    <a href="/circadian" class="nav-dropdown__item" role="menuitem" >Circadian</a>\n\n                    \n                        \n    <a href="/insights" class="nav-dropdown__item" role="menuitem" >Chat</a>\n\n                    \n                </div>\n    </div>\n\n            \n        \n            \n                \n    <div class="nav-dropdown">\n        <button class="nav-dropdown__trigger" aria-expanded="false" aria-haspopup="true" type="button"\n                _="on click\n                    if @data-open is \'true\'\n                        remove @data-open\n                        set @aria-expanded to \'false\' then call me.blur()\n                    else\n                        send navClose to <button.nav-dropdown__trigger/>\n                        set @data-open to \'true\' then set @aria-expanded to \'true\'\n                    end\n                  end\n                  on navClose\n                    remove @data-open then set @aria-expanded to \'false\'\n                  end\n                  on blur\n                    remove @data-open then set @aria-expanded to \'false\'\n                  end">\n            Community <span class="nav-dropdown__chevron material-symbols-outlined" aria-hidden="true">expand_more</span>\n        </button>\n        <div class="nav-dropdown__menu" role="menu">\n                    \n                        \n    <a href="/sharing/feed" class="nav-dropdown__item" role="menuitem" >Feed</a>\n\n                    \n                        \n    <a href="/sharing/leaderboard" class="nav-dropdown__item" role="menuitem" >Leaderboard</a>\n\n                    \n                        \n    <a href="/sharing/connections" class="nav-dropdown__item" role="menuitem" >Connections</a>\n\n                    \n                        \n    <a href="/sharing/access-log" class="nav-dropdown__item" role="menuitem" >Access Log</a>\n\n                    \n                </div>\n    </div>\n\n            \n        \n    \n            </nav>\n\n            <span class="top-app-bar__spacer"></span>\n\n            <div class="top-app-bar__actions">\n                \n                    \n                        <a href="/workouts/sessions/active" \n                           class="active-workout-indicator" \n                           id="active-workout-indicator"\n                           data-start-time="2026-07-07T18:21:10.325990"\n                           title="Active Workout Running">\n                            \n    \n    <span class="material-symbols-outlined icon icon--18" \n           \n          aria-hidden="true"\n          >exercise</span>\n\n                            <span class="active-workout-indicator__text" id="active-workout-timer">Active</span>\n                        </a>\n                    \n                    \n<div class="notifications-menu">\n    <button class="notifications-menu__trigger" \n            hx-get="/notifications/dropdown" \n            hx-target="#notifications-dropdown-content"\n            hx-trigger="click once"\n            title="Notifications"\n            type="button"\n            aria-expanded="false"\n            aria-haspopup="true">\n        \n    \n    <span class="material-symbols-outlined icon icon--24" \n           \n          aria-hidden="true"\n          >notifications</span>\n\n        <span class="notifications-menu__badge" id="notifications-count-badge"\n              hx-get="/notifications/count"\n              hx-trigger="load, refresh-notifications from:body">\n            \n        </span>\n    </button>\n    <div class="notifications-menu__dropdown">\n        <div class="notifications-menu__header">\n            <h4>Notifications</h4>\n            <button class="notifications-menu__read-all"\n                    hx-post="/notifications/read-all"\n                    hx-swap="none">\n                Mark all read\n            </button>\n        </div>\n        <div id="notifications-dropdown-content" class="notifications-menu__content"\n             hx-get="/notifications/dropdown"\n             hx-trigger="refresh-notifications from:body">\n            <div style="padding:16px;display:flex;flex-direction:column;gap:12px">\n                \n<div class="skeleton " style="width:50%;height:14px;"></div>\n\n                \n<div class="skeleton " style="width:90%;height:12px;"></div>\n\n                \n<div class="skeleton " style="width:70%;height:10px;"></div>\n\n            </div>\n        </div>\n    </div>\n</div>\n\n                    \n    \n    \n    <div class="user-menu">\n        <button class="user-menu__trigger" aria-expanded="false" aria-haspopup="true"\n                aria-label="User menu \u2014 Alice"\n                type="button"\n                _="on click toggle @data-open=\'true\'">\n            \n    <span class="avatar" data-size="sm"  role="img" aria-label="Alice">\n        A\n    </span>\n\n        </button>\n\n        <div class="user-menu__dropdown" role="menu">\n            <div class="user-menu__header">\n                <div class="user-menu__name">Alice</div>\n                <div class="user-menu__email">alice@example.com</div>\n            </div>\n\n            <a href="/settings" class="user-menu__item" role="menuitem">\n                <span class="material-symbols-outlined" style="font-size:18px;margin-right:8px;vertical-align:middle" aria-hidden="true">settings</span>\n                Settings\n            </a>\n\n            \n\n            <div class="user-menu__separator" aria-hidden="true"></div>\n\n            <form method="post" action="/auth/logout">\n                <button type="submit" class="user-menu__item user-menu__item--danger" role="menuitem">\n                    <span class="material-symbols-outlined" style="font-size:18px;margin-right:8px;vertical-align:middle" aria-hidden="true">logout</span>\n                    Logout\n                </button>\n            </form>\n        </div>\n    </div>\n\n                \n            </div>\n\n            \n            <button class="top-app-bar__hamburger" aria-label="Toggle navigation" aria-expanded="false"\n                    type="button"\n                    _="on click\n                        if @aria-expanded is \'true\'\n                            set @aria-expanded to \'false\'\n                            remove @data-open from #drawer-overlay\n                        else\n                            set @aria-expanded to \'true\'\n                            add @data-open to #drawer-overlay\n                        end">\n                <span class="material-symbols-outlined" aria-hidden="true">menu</span>\n            </button>\n            \n\n        </div>\n    </header>\n\n\n    \n    \n    <div class="drawer-backdrop" id="drawer-overlay"\n         _="on click if event.target === me then remove @data-open end\n            on keydown[key is \'Escape\'] remove @data-open">\n        <div class="drawer" role="dialog" aria-modal="true" aria-label="Navigation">\n            <div class="drawer__header">\n                <h2 class="drawer__title">Navigation</h2>\n                <button class="btn" data-icon-only aria-label="Close"\n                        _="on click remove @data-open from #drawer-overlay" type="button">\n                    <span class="material-symbols-outlined" style="font-size:20px">close</span>\n                </button>\n            </div>\n            <nav class="drawer__body">\n        \n            \n                \n    <a href="/" class="drawer__link"\n       \n       _="on click remove @data-open from #drawer-overlay">Dashboard</a>\n\n            \n        \n            \n                \n    <a href="/entries" class="drawer__link"\n       \n       _="on click remove @data-open from #drawer-overlay">Logbook</a>\n\n            \n        \n            \n                \n    <a href="/analytics" class="drawer__link"\n       \n       _="on click remove @data-open from #drawer-overlay">Analytics</a>\n\n            \n        \n            \n                \n    <a href="/goals" class="drawer__link"\n       \n       _="on click remove @data-open from #drawer-overlay">Goals</a>\n\n            \n        \n            \n                \n                    \n    <a href="/workouts/plans" class="drawer__link"\n       \n       _="on click remove @data-open from #drawer-overlay">Plans</a>\n\n                \n                    \n    <a href="/workouts/exercises" class="drawer__link"\n       \n       _="on click remove @data-open from #drawer-overlay">Exercises</a>\n\n                \n                    \n    <a href="/workouts/sessions/active" class="drawer__link"\n       aria-current="page"\n       _="on click remove @data-open from #drawer-overlay">Active</a>\n\n                \n            \n        \n            \n                \n                    \n    <a href="/circadian" class="drawer__link"\n       \n       _="on click remove @data-open from #drawer-overlay">Circadian</a>\n\n                \n                    \n    <a href="/insights" class="drawer__link"\n       \n       _="on click remove @data-open from #drawer-overlay">Chat</a>\n\n                \n            \n        \n            \n                \n                    \n    <a href="/sharing/feed" class="drawer__link"\n       \n       _="on click remove @data-open from #drawer-overlay">Feed</a>\n\n                \n                    \n    <a href="/sharing/leaderboard" class="drawer__link"\n       \n       _="on click remove @data-open from #drawer-overlay">Leaderboard</a>\n\n                \n                    \n    <a href="/sharing/connections" class="drawer__link"\n       \n       _="on click remove @data-open from #drawer-overlay">Connections</a>\n\n                \n                    \n    <a href="/sharing/access-log" class="drawer__link"\n       \n       _="on click remove @data-open from #drawer-overlay">Access Log</a>\n\n                \n            \n        \n        \n    <a href="/settings" class="drawer__link"\n       \n       _="on click remove @data-open from #drawer-overlay">Settings</a>\n\n        \n        \n    <a href="/auth/logout" class="drawer__link"\n       \n       _="on click remove @data-open from #drawer-overlay">Logout</a>\n\n    </nav>\n        </div>\n    </div>\n\n\n    \n\n    <main style="max-width: var(--space-container-max, 1440px); margin: 0 auto; padding: var(--space-lg, 24px) var(--space-md, 16px) var(--space-3xl, 48px);">\n        \n\n<style>\n.workout-set-checkbox {\n    width: 32px;\n    height: 32px;\n    border-radius: 50%;\n    border: 1px solid var(--color-slate-300);\n    background-color: var(--color-surface-container-lowest);\n    color: var(--color-slate-400);\n    display: flex;\n    align-items: center;\n    justify-content: center;\n    cursor: pointer;\n    transition: all 150ms ease;\n    padding: 0;\n    outline: none;\n    flex-shrink: 0;\n}\n\n.workout-set-checkbox:hover {\n    background-color: var(--color-slate-100);\n    color: var(--color-slate-600);\n    border-color: var(--color-slate-400);\n}\n\n.workout-set-checkbox[data-logged="true"] {\n    background-color: var(--color-tertiary) !important;\n    color: var(--color-on-tertiary) !important;\n    border-color: var(--color-tertiary) !important;\n}\n\n.workout-set-checkbox[data-logged="true"]:hover {\n    background-color: var(--color-error-600) !important;\n    color: #ffffff !important;\n    border-color: var(--color-error-600) !important;\n}\n\n.workout-set-checkbox .material-symbols-outlined {\n    font-size: 18px;\n    font-weight: bold;\n}\n</style>\n\n<div style="display:flex;align-items:center;justify-content:space-between;margin-bottom:24px;flex-wrap:wrap;gap:12px">\n    <div>\n        <h1 style="font:var(--font-headline-lg);margin:0">Active Workout Session</h1>\n        <p style="font:var(--font-body-sm);color:var(--color-slate-500);margin:4px 0 0 0">Log your sets. Dynamic autoregulated targets are shown below.</p>\n    </div>\n    \n</div>\n\n\n    <div class="form-stack"  style="gap:24px">\n        \n\n    \n    \n    \n    \n    \n    <div\n        class="card"\n        \n        \n        \n        \n        \n        \n    >\n        \n\n        <div class="card__body">\n            \n        \n    <div class="form-stack"  style="gap:24px">\n        \n            \n        \n    </div>\n\n    \n        </div>\n    </div>\n\n\n    \n    \n    \n    \n    \n    <div\n        class="card"\n        \n        \n        \n        \n        \n        \n    >\n        \n        <div class="card__header">\n            \n            \n            \n            <h3 class="card__header-title">Finish Workout Session</h3>\n            \n            \n            \n        </div>\n        \n\n        <div class="card__body">\n            \n        <form method="post" action="/workouts/sessions/complete">\n            \n    <div class="form-stack"  >\n        \n                <input type="hidden" name="session_id" value="1">\n                <div class="input">\n                    <label for="notes" class="input__label">Session Notes / Feedback</label>\n                    <textarea id="notes" name="notes" placeholder="How did it feel today? Any pain or outstanding form?" rows="3"\n                              class="input__field" style="height:auto;resize:vertical;padding:10px"></textarea>\n                </div>\n                \n    <div class="form-actions"  >\n        \n                    \n    \n    \n    \n    \n    <button\n        class="btn"\n        data-variant="primary"\n        \n        \n        \n        \n        type="submit"\n        data-full-width-mobile\n        \n    >\n        \n        \n        \n        <span class="btn__label">Complete Workout</span>\n        \n    </button>\n\n                \n    </div>\n\n            \n    </div>\n\n        </form>\n    \n        </div>\n    </div>\n\n\n\n    </div>\n\n\n<script>\nfunction showToast(message, type) {\n    type = type || "success";\n    const hasToast = !!document.getElementById("toast-container");\n    if (hasToast) {\n        document.dispatchEvent(new CustomEvent("show-toast", {\n            detail: { message: message, type: type }\n        }));\n    } else {\n        if (type === "error") {\n            alert("Error: " + message);\n        } else {\n            alert(message);\n        }\n    }\n}\n\nfunction checkRpeFailure(exId, setNum) {\n    const wrapper = document.getElementById(`rpe-wrapper-${exId}-${setNum}`);\n    const rpeInput = document.getElementById(`rpe-${exId}-${setNum}`);\n    if (!wrapper || !rpeInput) return;\n    \n    const rpeVal = parseFloat(rpeInput.value);\n    if (!isNaN(rpeVal) && rpeVal >= 10.0) {\n        wrapper.style.borderColor = "var(--color-error, #ef4444)";\n        rpeInput.style.color = "var(--color-error, #ef4444)";\n        rpeInput.style.fontWeight = "700";\n    } else {\n        wrapper.style.borderColor = "var(--color-slate-200)";\n        rpeInput.style.color = "";\n        rpeInput.style.fontWeight = "";\n    }\n}\n\nfunction applyWeightScaling(exerciseId, totalSets) {\n    const promptContainer = document.getElementById("rpe-prompt-" + exerciseId);\n    if (!promptContainer) return;\n\n    const triggerSet = parseInt(promptContainer.getAttribute("data-trigger-set") || "1");\n    let scaledCount = 0;\n\n    for (let s = triggerSet + 1; s <= totalSets; s++) {\n        const weightInput = document.getElementById(`weight-${exerciseId}-${s}`);\n        const checkBtn = document.getElementById(`btn-${exerciseId}-${s}`);\n        \n        if (weightInput && checkBtn && checkBtn.getAttribute("data-logged") === "false") {\n            const oldWeight = parseFloat(weightInput.value);\n            if (!isNaN(oldWeight) && oldWeight > 0) {\n                let newWeight = oldWeight * 0.95;\n                // Round to nearest 0.5 kg\n                newWeight = Math.round(newWeight * 2) / 2;\n                if (newWeight >= oldWeight && newWeight > 0) {\n                    newWeight -= 0.5;\n                }\n                weightInput.value = newWeight;\n                update1RM(exerciseId, s);\n                scaledCount++;\n            }\n        }\n    }\n\n    promptContainer.style.display = "none";\n    \n    if (scaledCount > 0) {\n        if (typeof showToast === "function") {\n            showToast(`Scaled remaining sets down by 5%`, "info");\n        }\n    }\n}\n\nfunction dismissRpePrompt(exerciseId) {\n    const promptContainer = document.getElementById("rpe-prompt-" + exerciseId);\n    if (promptContainer) {\n        promptContainer.style.display = "none";\n    }\n}\n\nfunction adjustValue(inputId, delta, minVal, isReps, exId, setNum) {\n    const input = document.getElementById(inputId);\n    let val = parseFloat(input.value);\n    if (isNaN(val)) {\n        val = isReps ? 8 : 40.0;\n    }\n    val = Math.max(minVal || 0, val + delta);\n    input.value = isReps ? Math.round(val) : parseFloat(val.toFixed(1));\n    update1RM(exId, setNum);\n    if (inputId.startsWith("rpe-")) {\n        checkRpeFailure(exId, setNum);\n    }\n}\n\nfunction update1RM(exId, setNum) {\n    const weightInput = document.getElementById(`weight-${exId}-${setNum}`);\n    const repsInput = document.getElementById(`reps-${exId}-${setNum}`);\n    const display = document.getElementById(`est1rm-${exId}-${setNum}`);\n    const row = document.getElementById(`row-${exId}-${setNum}`);\n    if (!weightInput || !repsInput || !display || !row) return;\n\n    const weightVal = parseFloat(weightInput.value);\n    const repsVal = parseInt(repsInput.value);\n\n    const prWeight = parseFloat(row.getAttribute("data-pr-weight") || "0.0");\n    const prEst1RM = parseFloat(row.getAttribute("data-pr-est-1rm") || "0.0");\n\n    if (!isNaN(weightVal) && !isNaN(repsVal) && repsVal > 0) {\n        let est1rm = 0.0;\n        if (repsVal === 1) {\n            est1rm = weightVal;\n        } else {\n            est1rm = weightVal / (1.0278 - (0.0278 * repsVal));\n        }\n\n        let isPR = false;\n        if ((prWeight > 0 && weightVal > prWeight) || (prEst1RM > 0 && est1rm > prEst1RM)) {\n            isPR = true;\n        }\n\n        if (isPR) {\n            display.innerHTML = `Est. 1RM: ${est1rm.toFixed(1)} kg <span class="material-symbols-outlined" style="font-size:16px;vertical-align:middle;color:var(--color-warning-500);margin-left:4px" title="New personal record!">trophy</span>`;\n            display.style.color = "var(--color-warning-600)";\n            display.style.fontWeight = "700";\n        } else {\n            display.innerText = `Est. 1RM: ${est1rm.toFixed(1)} kg`;\n            display.style.color = "var(--color-slate-500)";\n            display.style.fontWeight = "600";\n        }\n    } else {\n        display.innerText = "Est. 1RM: --";\n        display.style.color = "var(--color-slate-500)";\n        display.style.fontWeight = "600";\n    }\n}\n\nasync function logSet(sessionId, exerciseId, setNumber) {\n    const weight = parseFloat(document.getElementById(`weight-${exerciseId}-${setNumber}`).value);\n    const reps = parseInt(document.getElementById(`reps-${exerciseId}-${setNumber}`).value);\n    const rpeInput = document.getElementById(`rpe-${exerciseId}-${setNumber}`).value;\n    const rpe = rpeInput ? parseFloat(rpeInput) : null;\n    const btn = document.getElementById(`btn-${exerciseId}-${setNumber}`);\n    const row = document.getElementById(`row-${exerciseId}-${setNumber}`);\n    \n    if (!btn || !row) return;\n\n    const isLogged = btn.getAttribute("data-logged") === "true";\n\n    if (isLogged) {\n        // Toggle OFF (Unsubmit)\n        try {\n            const response = await fetch(`/api/v1/workouts/sessions/log?session_id=${sessionId}&exercise_id=${exerciseId}&set_number=${setNumber}`, {\n                method: "DELETE"\n            });\n            if (response.ok) {\n                btn.setAttribute("data-logged", "false");\n                btn.innerHTML = `<span class="material-symbols-outlined">check</span>`;\n                row.style.opacity = "1.0";\n\n                // Re-enable inputs and adjust buttons\n                row.querySelectorAll("input").forEach(i => i.disabled = false);\n                row.querySelectorAll("button:not(.workout-set-checkbox)").forEach(b => b.disabled = false);\n            } else {\n                const err = await response.json();\n                const errMsg = "Failed to unlog set: " + (err.detail || "Unknown error");\n                if (typeof showToast === "function") {\n                    showToast(errMsg, "error");\n                } else {\n                    alert(errMsg);\n                }\n            }\n        } catch (e) {\n            if (typeof showToast === "function") {\n                showToast("Error connecting to server.", "error");\n            } else {\n                alert("Error connecting to server.");\n            }\n        }\n    } else {\n        // Toggle ON (Submit)\n        if (isNaN(weight) || isNaN(reps)) {\n            if (typeof showToast === "function") {\n                showToast("Please enter a valid weight and reps count.", "error");\n            } else {\n                alert("Please enter a valid weight and reps count.");\n            }\n            return;\n        }\n        try {\n            const response = await fetch(`/api/v1/workouts/sessions/log?session_id=${sessionId}`, {\n                method: "POST", headers: {"Content-Type": "application/json"},\n                body: JSON.stringify({ exercise_id: exerciseId, set_number: setNumber, weight: weight, reps: reps, rpe: rpe })\n            });\n            if (response.ok) {\n                btn.setAttribute("data-logged", "true");\n                btn.innerHTML = `<span class="material-symbols-outlined">done</span>`;\n                row.style.opacity = "0.75";\n\n                // Disable inputs and adjust buttons\n                row.querySelectorAll("input").forEach(i => i.disabled = true);\n                row.querySelectorAll("button:not(.workout-set-checkbox)").forEach(b => b.disabled = true);\n\n                // PR check for toast notification\n                const prWeight = parseFloat(row.getAttribute("data-pr-weight") || "0.0");\n                const prEst1RM = parseFloat(row.getAttribute("data-pr-est-1rm") || "0.0");\n\n                let est1rm = 0.0;\n                if (reps === 1) {\n                    est1rm = weight;\n                } else {\n                    est1rm = weight / (1.0278 - (0.0278 * reps));\n                }\n\n                let isPR = false;\n                if ((prWeight > 0 && weight > prWeight) || (prEst1RM > 0 && est1rm > prEst1RM)) {\n                    isPR = true;\n                }\n\n                if (isPR) {\n                    if (typeof showToast === "function") {\n                        showToast(`\U0001f389 New Personal Record! ${weight} kg x ${reps} reps!`, "success");\n                    } else {\n                        alert(`\U0001f389 New Personal Record! ${weight} kg x ${reps} reps!`);\n                    }\n                } else {\n                    if (typeof showToast === "function") {\n                        showToast("Set logged successfully!", "success");\n                    }\n                }\n\n                // Trigger the global persistent rest-timer (90 seconds)\n                window.dispatchEvent(new CustomEvent("start-rest-timer", { detail: { duration: 90 } }));\n\n                // RPE 10 Auto-Scaling Guardrail check\n                if (rpe === 10.0) {\n                    const promptContainer = document.getElementById("rpe-prompt-" + exerciseId);\n                    if (promptContainer) {\n                        let hasSubsequent = false;\n                        let s = setNumber + 1;\n                        while (true) {\n                            const nextBtn = document.getElementById(`btn-${exerciseId}-${s}`);\n                            if (!nextBtn) break;\n                            if (nextBtn.getAttribute("data-logged") === "false") {\n                                hasSubsequent = true;\n                                break;\n                            }\n                            s++;\n                        }\n                        if (hasSubsequent) {\n                            promptContainer.style.display = "flex";\n                            promptContainer.setAttribute("data-trigger-set", setNumber);\n                        }\n                    }\n                }\n            } else {\n                const err = await response.json();\n                const errMsg = "Failed to log set: " + (err.detail || "Unknown error");\n                if (typeof showToast === "function") {\n                    showToast(errMsg, "error");\n                } else {\n                    alert(errMsg);\n                }\n            }\n        } catch (e) {\n            if (typeof showToast === "function") {\n                showToast("Error connecting to server.", "error");\n            } else {\n                alert("Error connecting to server.");\n            }\n        }\n    }\n}\n\n// Calculate initial 1RMs and check RPE failures on page load\ndocument.addEventListener("DOMContentLoaded", function() {\n    document.querySelectorAll("[id^=\'est1rm-\']").forEach(function(span) {\n        const idParts = span.id.split("-");\n        if (idParts.length === 3) {\n            update1RM(idParts[1], idParts[2]);\n        }\n    });\n    document.querySelectorAll("input[id^=\'rpe-\']").forEach(function(input) {\n        const idParts = input.id.split("-");\n        if (idParts.length === 3) {\n            checkRpeFailure(idParts[1], idParts[2]);\n        }\n    });\n});\n</script>\n\n    </main>\n\n    \n    <script>console.log(\'Demo Plugin Loaded in browser!\');</script>\n    \n    <div id="modal-container"></div>\n    <div id="toast-container" class="toast-container"></div>\n    \n<div id="rest-timer-pill" class="rest-timer-pill" data-active="false" role="timer">\n    <span class="rest-timer-pill__icon material-symbols-outlined" aria-hidden="true">timer</span>\n    <span id="rest-timer-countdown">0s</span>\n    <button id="rest-timer-add-btn" class="rest-timer-pill__btn" type="button">+30s</button>\n    <button id="rest-timer-close-btn" class="rest-timer-pill__close" type="button" aria-label="Dismiss timer">\n        <span class="material-symbols-outlined" style="font-size:16px">close</span>\n    </button>\n</div>\n\n\n    <script>\n    (function() {\n        let activeWorkoutTimerInterval = null;\n\n        function initActiveWorkoutTimer() {\n            const timerSpan = document.getElementById("active-workout-timer");\n            const indicator = document.getElementById("active-workout-indicator");\n            if (!timerSpan || !indicator) {\n                if (activeWorkoutTimerInterval) {\n                    clearInterval(activeWorkoutTimerInterval);\n                    activeWorkoutTimerInterval = null;\n                }\n                return;\n            }\n            \n            const startTimeStr = indicator.getAttribute("data-start-time");\n            if (!startTimeStr) return;\n            \n            const startTime = new Date(startTimeStr).getTime();\n            \n            function update() {\n                const diffMs = Date.now() - startTime;\n                const diffSecs = Math.max(0, Math.floor(diffMs / 1000));\n                \n                const hrs = Math.floor(diffSecs / 3600);\n                const mins = Math.floor((diffSecs % 3600) / 60);\n                const secs = diffSecs % 60;\n                \n                let displayStr = "";\n                if (hrs > 0) {\n                    displayStr += String(hrs).padStart(2, "0") + ":";\n                }\n                displayStr += String(mins).padStart(2, "0") + ":" + String(secs).padStart(2, "0");\n                timerSpan.innerText = displayStr;\n            }\n            \n            update();\n            if (!activeWorkoutTimerInterval) {\n                activeWorkoutTimerInterval = setInterval(update, 1000);\n            }\n        }\n        \n        document.addEventListener("DOMContentLoaded", initActiveWorkoutTimer);\n        document.body.addEventListener("htmx:afterSwap", initActiveWorkoutTimer);\n    })();\n    </script>\n</body>\n</html>'
E    +  where '<!DOCTYPE html>\n<html lang="en" data-theme="system">\n<head>\n    <meta charset="UTF-8">\n    <meta name="viewport" content="width=device-width, initial-scale=1.0">\n    <title>salus \u2014 Active Session</title>\n    <link rel="stylesheet" href="/static/vendor/fonts.css">\n    <link rel="stylesheet" href="/static/tokens.css">\n    <link rel="stylesheet" href="/static/components.css?v=2">\n    <link rel="manifest" href="/static/manifest.json">\n    <script src="/static/vendor/htmx.min.js"></script>\n    <script src="/static/vendor/hyperscript.min.js"></script>\n    <script src="/static/components.js?v=2" defer></script>\n    <script>\n        if (\'serviceWorker\' in navigator) {\n            window.addEventListener(\'load\', function() {\n                navigator.serviceWorker.register(\'/sw.js\').then(function(reg) {\n                    console.log(\'ServiceWorker registered with scope:\', reg.scope);\n                }).catch(function(err) {\n                    console.log(\'ServiceWorker registration failed:\', err);\n                });\n            });\n        }\n    </script>\n    \n    <style>\n        .demo-card-body {\n            background: linear-gradient(135deg, var(--color-indigo-50), var(--color-blue-50));\n            padding: 12px;\n            border-radius: 8px;\n            border: 1px solid var(--color-indigo-100);\n            color: var(--color-slate-800);\n        }\n        [data-theme="dark"] .demo-card-body {\n            background: linear-gradient(135deg, var(--color-indigo-950), #0f172a);\n            border-color: #1e1b4b;\n            color: var(--color-slate-100);\n        }\n        </style>\n    \n    \n</head>\n<body>\n\n    \n    \n    \n    <header class="top-app-bar" role="banner"\n            _="init\n               on scroll from window\n                   if window.scrollY > 8\n                       then add @data-scrolled\n                       else remove @data-scrolled\n                   end\n               end">\n        <div class="top-app-bar__inner">\n\n            <a href="/" class="top-app-bar__logo" aria-label="Home">salus</a>\n\n            <nav class="top-app-bar__nav" aria-label="Main navigation">\n                \n        \n            \n                \n    <a href="/" class="top-app-bar__nav-link" >\n        Dashboard\n    </a>\n\n            \n        \n            \n                \n    <a href="/entries" class="top-app-bar__nav-link" >\n        Logbook\n    </a>\n\n            \n        \n            \n                \n    <a href="/analytics" class="top-app-bar__nav-link" >\n        Analytics\n    </a>\n\n            \n        \n            \n                \n    <a href="/goals" class="top-app-bar__nav-link" >\n        Goals\n    </a>\n\n            \n        \n            \n                \n    <div class="nav-dropdown">\n        <button class="nav-dropdown__trigger" aria-expanded="false" aria-haspopup="true" type="button"\n                _="on click\n                    if @data-open is \'true\'\n                        remove @data-open\n                        set @aria-expanded to \'false\' then call me.blur()\n                    else\n                        send navClose to <button.nav-dropdown__trigger/>\n                        set @data-open to \'true\' then set @aria-expanded to \'true\'\n                    end\n                  end\n                  on navClose\n                    remove @data-open then set @aria-expanded to \'false\'\n                  end\n                  on blur\n                    remove @data-open then set @aria-expanded to \'false\'\n                  end">\n            Workouts <span class="nav-dropdown__chevron material-symbols-outlined" aria-hidden="true">expand_more</span>\n        </button>\n        <div class="nav-dropdown__menu" role="menu">\n                    \n                        \n    <a href="/workouts/plans" class="nav-dropdown__item" role="menuitem" >Plans</a>\n\n                    \n                        \n    <a href="/workouts/exercises" class="nav-dropdown__item" role="menuitem" >Exercises</a>\n\n                    \n                        \n    <a href="/workouts/sessions/active" class="nav-dropdown__item" role="menuitem" aria-current="page">Active</a>\n\n                    \n                </div>\n    </div>\n\n            \n        \n            \n                \n    <div class="nav-dropdown">\n        <button class="nav-dropdown__trigger" aria-expanded="false" aria-haspopup="true" type="button"\n                _="on click\n                    if @data-open is \'true\'\n                        remove @data-open\n                        set @aria-expanded to \'false\' then call me.blur()\n                    else\n                        send navClose to <button.nav-dropdown__trigger/>\n                        set @data-open to \'true\' then set @aria-expanded to \'true\'\n                    end\n                  end\n                  on navClose\n                    remove @data-open then set @aria-expanded to \'false\'\n                  end\n                  on blur\n                    remove @data-open then set @aria-expanded to \'false\'\n                  end">\n            Coach <span class="nav-dropdown__chevron material-symbols-outlined" aria-hidden="true">expand_more</span>\n        </button>\n        <div class="nav-dropdown__menu" role="menu">\n                    \n                        \n    <a href="/circadian" class="nav-dropdown__item" role="menuitem" >Circadian</a>\n\n                    \n                        \n    <a href="/insights" class="nav-dropdown__item" role="menuitem" >Chat</a>\n\n                    \n                </div>\n    </div>\n\n            \n        \n            \n                \n    <div class="nav-dropdown">\n        <button class="nav-dropdown__trigger" aria-expanded="false" aria-haspopup="true" type="button"\n                _="on click\n                    if @data-open is \'true\'\n                        remove @data-open\n                        set @aria-expanded to \'false\' then call me.blur()\n                    else\n                        send navClose to <button.nav-dropdown__trigger/>\n                        set @data-open to \'true\' then set @aria-expanded to \'true\'\n                    end\n                  end\n                  on navClose\n                    remove @data-open then set @aria-expanded to \'false\'\n                  end\n                  on blur\n                    remove @data-open then set @aria-expanded to \'false\'\n                  end">\n            Community <span class="nav-dropdown__chevron material-symbols-outlined" aria-hidden="true">expand_more</span>\n        </button>\n        <div class="nav-dropdown__menu" role="menu">\n                    \n                        \n    <a href="/sharing/feed" class="nav-dropdown__item" role="menuitem" >Feed</a>\n\n                    \n                        \n    <a href="/sharing/leaderboard" class="nav-dropdown__item" role="menuitem" >Leaderboard</a>\n\n                    \n                        \n    <a href="/sharing/connections" class="nav-dropdown__item" role="menuitem" >Connections</a>\n\n                    \n                        \n    <a href="/sharing/access-log" class="nav-dropdown__item" role="menuitem" >Access Log</a>\n\n                    \n                </div>\n    </div>\n\n            \n        \n    \n            </nav>\n\n            <span class="top-app-bar__spacer"></span>\n\n            <div class="top-app-bar__actions">\n                \n                    \n                        <a href="/workouts/sessions/active" \n                           class="active-workout-indicator" \n                           id="active-workout-indicator"\n                           data-start-time="2026-07-07T18:21:10.325990"\n                           title="Active Workout Running">\n                            \n    \n    <span class="material-symbols-outlined icon icon--18" \n           \n          aria-hidden="true"\n          >exercise</span>\n\n                            <span class="active-workout-indicator__text" id="active-workout-timer">Active</span>\n                        </a>\n                    \n                    \n<div class="notifications-menu">\n    <button class="notifications-menu__trigger" \n            hx-get="/notifications/dropdown" \n            hx-target="#notifications-dropdown-content"\n            hx-trigger="click once"\n            title="Notifications"\n            type="button"\n            aria-expanded="false"\n            aria-haspopup="true">\n        \n    \n    <span class="material-symbols-outlined icon icon--24" \n           \n          aria-hidden="true"\n          >notifications</span>\n\n        <span class="notifications-menu__badge" id="notifications-count-badge"\n              hx-get="/notifications/count"\n              hx-trigger="load, refresh-notifications from:body">\n            \n        </span>\n    </button>\n    <div class="notifications-menu__dropdown">\n        <div class="notifications-menu__header">\n            <h4>Notifications</h4>\n            <button class="notifications-menu__read-all"\n                    hx-post="/notifications/read-all"\n                    hx-swap="none">\n                Mark all read\n            </button>\n        </div>\n        <div id="notifications-dropdown-content" class="notifications-menu__content"\n             hx-get="/notifications/dropdown"\n             hx-trigger="refresh-notifications from:body">\n            <div style="padding:16px;display:flex;flex-direction:column;gap:12px">\n                \n<div class="skeleton " style="width:50%;height:14px;"></div>\n\n                \n<div class="skeleton " style="width:90%;height:12px;"></div>\n\n                \n<div class="skeleton " style="width:70%;height:10px;"></div>\n\n            </div>\n        </div>\n    </div>\n</div>\n\n                    \n    \n    \n    <div class="user-menu">\n        <button class="user-menu__trigger" aria-expanded="false" aria-haspopup="true"\n                aria-label="User menu \u2014 Alice"\n                type="button"\n                _="on click toggle @data-open=\'true\'">\n            \n    <span class="avatar" data-size="sm"  role="img" aria-label="Alice">\n        A\n    </span>\n\n        </button>\n\n        <div class="user-menu__dropdown" role="menu">\n            <div class="user-menu__header">\n                <div class="user-menu__name">Alice</div>\n                <div class="user-menu__email">alice@example.com</div>\n            </div>\n\n            <a href="/settings" class="user-menu__item" role="menuitem">\n                <span class="material-symbols-outlined" style="font-size:18px;margin-right:8px;vertical-align:middle" aria-hidden="true">settings</span>\n                Settings\n            </a>\n\n            \n\n            <div class="user-menu__separator" aria-hidden="true"></div>\n\n            <form method="post" action="/auth/logout">\n                <button type="submit" class="user-menu__item user-menu__item--danger" role="menuitem">\n                    <span class="material-symbols-outlined" style="font-size:18px;margin-right:8px;vertical-align:middle" aria-hidden="true">logout</span>\n                    Logout\n                </button>\n            </form>\n        </div>\n    </div>\n\n                \n            </div>\n\n            \n            <button class="top-app-bar__hamburger" aria-label="Toggle navigation" aria-expanded="false"\n                    type="button"\n                    _="on click\n                        if @aria-expanded is \'true\'\n                            set @aria-expanded to \'false\'\n                            remove @data-open from #drawer-overlay\n                        else\n                            set @aria-expanded to \'true\'\n                            add @data-open to #drawer-overlay\n                        end">\n                <span class="material-symbols-outlined" aria-hidden="true">menu</span>\n            </button>\n            \n\n        </div>\n    </header>\n\n\n    \n    \n    <div class="drawer-backdrop" id="drawer-overlay"\n         _="on click if event.target === me then remove @data-open end\n            on keydown[key is \'Escape\'] remove @data-open">\n        <div class="drawer" role="dialog" aria-modal="true" aria-label="Navigation">\n            <div class="drawer__header">\n                <h2 class="drawer__title">Navigation</h2>\n                <button class="btn" data-icon-only aria-label="Close"\n                        _="on click remove @data-open from #drawer-overlay" type="button">\n                    <span class="material-symbols-outlined" style="font-size:20px">close</span>\n                </button>\n            </div>\n            <nav class="drawer__body">\n        \n            \n                \n    <a href="/" class="drawer__link"\n       \n       _="on click remove @data-open from #drawer-overlay">Dashboard</a>\n\n            \n        \n            \n                \n    <a href="/entries" class="drawer__link"\n       \n       _="on click remove @data-open from #drawer-overlay">Logbook</a>\n\n            \n        \n            \n                \n    <a href="/analytics" class="drawer__link"\n       \n       _="on click remove @data-open from #drawer-overlay">Analytics</a>\n\n            \n        \n            \n                \n    <a href="/goals" class="drawer__link"\n       \n       _="on click remove @data-open from #drawer-overlay">Goals</a>\n\n            \n        \n            \n                \n                    \n    <a href="/workouts/plans" class="drawer__link"\n       \n       _="on click remove @data-open from #drawer-overlay">Plans</a>\n\n                \n                    \n    <a href="/workouts/exercises" class="drawer__link"\n       \n       _="on click remove @data-open from #drawer-overlay">Exercises</a>\n\n                \n                    \n    <a href="/workouts/sessions/active" class="drawer__link"\n       aria-current="page"\n       _="on click remove @data-open from #drawer-overlay">Active</a>\n\n                \n            \n        \n            \n                \n                    \n    <a href="/circadian" class="drawer__link"\n       \n       _="on click remove @data-open from #drawer-overlay">Circadian</a>\n\n                \n                    \n    <a href="/insights" class="drawer__link"\n       \n       _="on click remove @data-open from #drawer-overlay">Chat</a>\n\n                \n            \n        \n            \n                \n                    \n    <a href="/sharing/feed" class="drawer__link"\n       \n       _="on click remove @data-open from #drawer-overlay">Feed</a>\n\n                \n                    \n    <a href="/sharing/leaderboard" class="drawer__link"\n       \n       _="on click remove @data-open from #drawer-overlay">Leaderboard</a>\n\n                \n                    \n    <a href="/sharing/connections" class="drawer__link"\n       \n       _="on click remove @data-open from #drawer-overlay">Connections</a>\n\n                \n                    \n    <a href="/sharing/access-log" class="drawer__link"\n       \n       _="on click remove @data-open from #drawer-overlay">Access Log</a>\n\n                \n            \n        \n        \n    <a href="/settings" class="drawer__link"\n       \n       _="on click remove @data-open from #drawer-overlay">Settings</a>\n\n        \n        \n    <a href="/auth/logout" class="drawer__link"\n       \n       _="on click remove @data-open from #drawer-overlay">Logout</a>\n\n    </nav>\n        </div>\n    </div>\n\n\n    \n\n    <main style="max-width: var(--space-container-max, 1440px); margin: 0 auto; padding: var(--space-lg, 24px) var(--space-md, 16px) var(--space-3xl, 48px);">\n        \n\n<style>\n.workout-set-checkbox {\n    width: 32px;\n    height: 32px;\n    border-radius: 50%;\n    border: 1px solid var(--color-slate-300);\n    background-color: var(--color-surface-container-lowest);\n    color: var(--color-slate-400);\n    display: flex;\n    align-items: center;\n    justify-content: center;\n    cursor: pointer;\n    transition: all 150ms ease;\n    padding: 0;\n    outline: none;\n    flex-shrink: 0;\n}\n\n.workout-set-checkbox:hover {\n    background-color: var(--color-slate-100);\n    color: var(--color-slate-600);\n    border-color: var(--color-slate-400);\n}\n\n.workout-set-checkbox[data-logged="true"] {\n    background-color: var(--color-tertiary) !important;\n    color: var(--color-on-tertiary) !important;\n    border-color: var(--color-tertiary) !important;\n}\n\n.workout-set-checkbox[data-logged="true"]:hover {\n    background-color: var(--color-error-600) !important;\n    color: #ffffff !important;\n    border-color: var(--color-error-600) !important;\n}\n\n.workout-set-checkbox .material-symbols-outlined {\n    font-size: 18px;\n    font-weight: bold;\n}\n</style>\n\n<div style="display:flex;align-items:center;justify-content:space-between;margin-bottom:24px;flex-wrap:wrap;gap:12px">\n    <div>\n        <h1 style="font:var(--font-headline-lg);margin:0">Active Workout Session</h1>\n        <p style="font:var(--font-body-sm);color:var(--color-slate-500);margin:4px 0 0 0">Log your sets. Dynamic autoregulated targets are shown below.</p>\n    </div>\n    \n</div>\n\n\n    <div class="form-stack"  style="gap:24px">\n        \n\n    \n    \n    \n    \n    \n    <div\n        class="card"\n        \n        \n        \n        \n        \n        \n    >\n        \n\n        <div class="card__body">\n            \n        \n    <div class="form-stack"  style="gap:24px">\n        \n            \n        \n    </div>\n\n    \n        </div>\n    </div>\n\n\n    \n    \n    \n    \n    \n    <div\n        class="card"\n        \n        \n        \n        \n        \n        \n    >\n        \n        <div class="card__header">\n            \n            \n            \n            <h3 class="card__header-title">Finish Workout Session</h3>\n            \n            \n            \n        </div>\n        \n\n        <div class="card__body">\n            \n        <form method="post" action="/workouts/sessions/complete">\n            \n    <div class="form-stack"  >\n        \n                <input type="hidden" name="session_id" value="1">\n                <div class="input">\n                    <label for="notes" class="input__label">Session Notes / Feedback</label>\n                    <textarea id="notes" name="notes" placeholder="How did it feel today? Any pain or outstanding form?" rows="3"\n                              class="input__field" style="height:auto;resize:vertical;padding:10px"></textarea>\n                </div>\n                \n    <div class="form-actions"  >\n        \n                    \n    \n    \n    \n    \n    <button\n        class="btn"\n        data-variant="primary"\n        \n        \n        \n        \n        type="submit"\n        data-full-width-mobile\n        \n    >\n        \n        \n        \n        <span class="btn__label">Complete Workout</span>\n        \n    </button>\n\n                \n    </div>\n\n            \n    </div>\n\n        </form>\n    \n        </div>\n    </div>\n\n\n\n    </div>\n\n\n<script>\nfunction showToast(message, type) {\n    type = type || "success";\n    const hasToast = !!document.getElementById("toast-container");\n    if (hasToast) {\n        document.dispatchEvent(new CustomEvent("show-toast", {\n            detail: { message: message, type: type }\n        }));\n    } else {\n        if (type === "error") {\n            alert("Error: " + message);\n        } else {\n            alert(message);\n        }\n    }\n}\n\nfunction checkRpeFailure(exId, setNum) {\n    const wrapper = document.getElementById(`rpe-wrapper-${exId}-${setNum}`);\n    const rpeInput = document.getElementById(`rpe-${exId}-${setNum}`);\n    if (!wrapper || !rpeInput) return;\n    \n    const rpeVal = parseFloat(rpeInput.value);\n    if (!isNaN(rpeVal) && rpeVal >= 10.0) {\n        wrapper.style.borderColor = "var(--color-error, #ef4444)";\n        rpeInput.style.color = "var(--color-error, #ef4444)";\n        rpeInput.style.fontWeight = "700";\n    } else {\n        wrapper.style.borderColor = "var(--color-slate-200)";\n        rpeInput.style.color = "";\n        rpeInput.style.fontWeight = "";\n    }\n}\n\nfunction applyWeightScaling(exerciseId, totalSets) {\n    const promptContainer = document.getElementById("rpe-prompt-" + exerciseId);\n    if (!promptContainer) return;\n\n    const triggerSet = parseInt(promptContainer.getAttribute("data-trigger-set") || "1");\n    let scaledCount = 0;\n\n    for (let s = triggerSet + 1; s <= totalSets; s++) {\n        const weightInput = document.getElementById(`weight-${exerciseId}-${s}`);\n        const checkBtn = document.getElementById(`btn-${exerciseId}-${s}`);\n        \n        if (weightInput && checkBtn && checkBtn.getAttribute("data-logged") === "false") {\n            const oldWeight = parseFloat(weightInput.value);\n            if (!isNaN(oldWeight) && oldWeight > 0) {\n                let newWeight = oldWeight * 0.95;\n                // Round to nearest 0.5 kg\n                newWeight = Math.round(newWeight * 2) / 2;\n                if (newWeight >= oldWeight && newWeight > 0) {\n                    newWeight -= 0.5;\n                }\n                weightInput.value = newWeight;\n                update1RM(exerciseId, s);\n                scaledCount++;\n            }\n        }\n    }\n\n    promptContainer.style.display = "none";\n    \n    if (scaledCount > 0) {\n        if (typeof showToast === "function") {\n            showToast(`Scaled remaining sets down by 5%`, "info");\n        }\n    }\n}\n\nfunction dismissRpePrompt(exerciseId) {\n    const promptContainer = document.getElementById("rpe-prompt-" + exerciseId);\n    if (promptContainer) {\n        promptContainer.style.display = "none";\n    }\n}\n\nfunction adjustValue(inputId, delta, minVal, isReps, exId, setNum) {\n    const input = document.getElementById(inputId);\n    let val = parseFloat(input.value);\n    if (isNaN(val)) {\n        val = isReps ? 8 : 40.0;\n    }\n    val = Math.max(minVal || 0, val + delta);\n    input.value = isReps ? Math.round(val) : parseFloat(val.toFixed(1));\n    update1RM(exId, setNum);\n    if (inputId.startsWith("rpe-")) {\n        checkRpeFailure(exId, setNum);\n    }\n}\n\nfunction update1RM(exId, setNum) {\n    const weightInput = document.getElementById(`weight-${exId}-${setNum}`);\n    const repsInput = document.getElementById(`reps-${exId}-${setNum}`);\n    const display = document.getElementById(`est1rm-${exId}-${setNum}`);\n    const row = document.getElementById(`row-${exId}-${setNum}`);\n    if (!weightInput || !repsInput || !display || !row) return;\n\n    const weightVal = parseFloat(weightInput.value);\n    const repsVal = parseInt(repsInput.value);\n\n    const prWeight = parseFloat(row.getAttribute("data-pr-weight") || "0.0");\n    const prEst1RM = parseFloat(row.getAttribute("data-pr-est-1rm") || "0.0");\n\n    if (!isNaN(weightVal) && !isNaN(repsVal) && repsVal > 0) {\n        let est1rm = 0.0;\n        if (repsVal === 1) {\n            est1rm = weightVal;\n        } else {\n            est1rm = weightVal / (1.0278 - (0.0278 * repsVal));\n        }\n\n        let isPR = false;\n        if ((prWeight > 0 && weightVal > prWeight) || (prEst1RM > 0 && est1rm > prEst1RM)) {\n            isPR = true;\n        }\n\n        if (isPR) {\n            display.innerHTML = `Est. 1RM: ${est1rm.toFixed(1)} kg <span class="material-symbols-outlined" style="font-size:16px;vertical-align:middle;color:var(--color-warning-500);margin-left:4px" title="New personal record!">trophy</span>`;\n            display.style.color = "var(--color-warning-600)";\n            display.style.fontWeight = "700";\n        } else {\n            display.innerText = `Est. 1RM: ${est1rm.toFixed(1)} kg`;\n            display.style.color = "var(--color-slate-500)";\n            display.style.fontWeight = "600";\n        }\n    } else {\n        display.innerText = "Est. 1RM: --";\n        display.style.color = "var(--color-slate-500)";\n        display.style.fontWeight = "600";\n    }\n}\n\nasync function logSet(sessionId, exerciseId, setNumber) {\n    const weight = parseFloat(document.getElementById(`weight-${exerciseId}-${setNumber}`).value);\n    const reps = parseInt(document.getElementById(`reps-${exerciseId}-${setNumber}`).value);\n    const rpeInput = document.getElementById(`rpe-${exerciseId}-${setNumber}`).value;\n    const rpe = rpeInput ? parseFloat(rpeInput) : null;\n    const btn = document.getElementById(`btn-${exerciseId}-${setNumber}`);\n    const row = document.getElementById(`row-${exerciseId}-${setNumber}`);\n    \n    if (!btn || !row) return;\n\n    const isLogged = btn.getAttribute("data-logged") === "true";\n\n    if (isLogged) {\n        // Toggle OFF (Unsubmit)\n        try {\n            const response = await fetch(`/api/v1/workouts/sessions/log?session_id=${sessionId}&exercise_id=${exerciseId}&set_number=${setNumber}`, {\n                method: "DELETE"\n            });\n            if (response.ok) {\n                btn.setAttribute("data-logged", "false");\n                btn.innerHTML = `<span class="material-symbols-outlined">check</span>`;\n                row.style.opacity = "1.0";\n\n                // Re-enable inputs and adjust buttons\n                row.querySelectorAll("input").forEach(i => i.disabled = false);\n                row.querySelectorAll("button:not(.workout-set-checkbox)").forEach(b => b.disabled = false);\n            } else {\n                const err = await response.json();\n                const errMsg = "Failed to unlog set: " + (err.detail || "Unknown error");\n                if (typeof showToast === "function") {\n                    showToast(errMsg, "error");\n                } else {\n                    alert(errMsg);\n                }\n            }\n        } catch (e) {\n            if (typeof showToast === "function") {\n                showToast("Error connecting to server.", "error");\n            } else {\n                alert("Error connecting to server.");\n            }\n        }\n    } else {\n        // Toggle ON (Submit)\n        if (isNaN(weight) || isNaN(reps)) {\n            if (typeof showToast === "function") {\n                showToast("Please enter a valid weight and reps count.", "error");\n            } else {\n                alert("Please enter a valid weight and reps count.");\n            }\n            return;\n        }\n        try {\n            const response = await fetch(`/api/v1/workouts/sessions/log?session_id=${sessionId}`, {\n                method: "POST", headers: {"Content-Type": "application/json"},\n                body: JSON.stringify({ exercise_id: exerciseId, set_number: setNumber, weight: weight, reps: reps, rpe: rpe })\n            });\n            if (response.ok) {\n                btn.setAttribute("data-logged", "true");\n                btn.innerHTML = `<span class="material-symbols-outlined">done</span>`;\n                row.style.opacity = "0.75";\n\n                // Disable inputs and adjust buttons\n                row.querySelectorAll("input").forEach(i => i.disabled = true);\n                row.querySelectorAll("button:not(.workout-set-checkbox)").forEach(b => b.disabled = true);\n\n                // PR check for toast notification\n                const prWeight = parseFloat(row.getAttribute("data-pr-weight") || "0.0");\n                const prEst1RM = parseFloat(row.getAttribute("data-pr-est-1rm") || "0.0");\n\n                let est1rm = 0.0;\n                if (reps === 1) {\n                    est1rm = weight;\n                } else {\n                    est1rm = weight / (1.0278 - (0.0278 * reps));\n                }\n\n                let isPR = false;\n                if ((prWeight > 0 && weight > prWeight) || (prEst1RM > 0 && est1rm > prEst1RM)) {\n                    isPR = true;\n                }\n\n                if (isPR) {\n                    if (typeof showToast === "function") {\n                        showToast(`\U0001f389 New Personal Record! ${weight} kg x ${reps} reps!`, "success");\n                    } else {\n                        alert(`\U0001f389 New Personal Record! ${weight} kg x ${reps} reps!`);\n                    }\n                } else {\n                    if (typeof showToast === "function") {\n                        showToast("Set logged successfully!", "success");\n                    }\n                }\n\n                // Trigger the global persistent rest-timer (90 seconds)\n                window.dispatchEvent(new CustomEvent("start-rest-timer", { detail: { duration: 90 } }));\n\n                // RPE 10 Auto-Scaling Guardrail check\n                if (rpe === 10.0) {\n                    const promptContainer = document.getElementById("rpe-prompt-" + exerciseId);\n                    if (promptContainer) {\n                        let hasSubsequent = false;\n                        let s = setNumber + 1;\n                        while (true) {\n                            const nextBtn = document.getElementById(`btn-${exerciseId}-${s}`);\n                            if (!nextBtn) break;\n                            if (nextBtn.getAttribute("data-logged") === "false") {\n                                hasSubsequent = true;\n                                break;\n                            }\n                            s++;\n                        }\n                        if (hasSubsequent) {\n                            promptContainer.style.display = "flex";\n                            promptContainer.setAttribute("data-trigger-set", setNumber);\n                        }\n                    }\n                }\n            } else {\n                const err = await response.json();\n                const errMsg = "Failed to log set: " + (err.detail || "Unknown error");\n                if (typeof showToast === "function") {\n                    showToast(errMsg, "error");\n                } else {\n                    alert(errMsg);\n                }\n            }\n        } catch (e) {\n            if (typeof showToast === "function") {\n                showToast("Error connecting to server.", "error");\n            } else {\n                alert("Error connecting to server.");\n            }\n        }\n    }\n}\n\n// Calculate initial 1RMs and check RPE failures on page load\ndocument.addEventListener("DOMContentLoaded", function() {\n    document.querySelectorAll("[id^=\'est1rm-\']").forEach(function(span) {\n        const idParts = span.id.split("-");\n        if (idParts.length === 3) {\n            update1RM(idParts[1], idParts[2]);\n        }\n    });\n    document.querySelectorAll("input[id^=\'rpe-\']").forEach(function(input) {\n        const idParts = input.id.split("-");\n        if (idParts.length === 3) {\n            checkRpeFailure(idParts[1], idParts[2]);\n        }\n    });\n});\n</script>\n\n    </main>\n\n    \n    <script>console.log(\'Demo Plugin Loaded in browser!\');</script>\n    \n    <div id="modal-container"></div>\n    <div id="toast-container" class="toast-container"></div>\n    \n<div id="rest-timer-pill" class="rest-timer-pill" data-active="false" role="timer">\n    <span class="rest-timer-pill__icon material-symbols-outlined" aria-hidden="true">timer</span>\n    <span id="rest-timer-countdown">0s</span>\n    <button id="rest-timer-add-btn" class="rest-timer-pill__btn" type="button">+30s</button>\n    <button id="rest-timer-close-btn" class="rest-timer-pill__close" type="button" aria-label="Dismiss timer">\n        <span class="material-symbols-outlined" style="font-size:16px">close</span>\n    </button>\n</div>\n\n\n    <script>\n    (function() {\n        let activeWorkoutTimerInterval = null;\n\n        function initActiveWorkoutTimer() {\n            const timerSpan = document.getElementById("active-workout-timer");\n            const indicator = document.getElementById("active-workout-indicator");\n            if (!timerSpan || !indicator) {\n                if (activeWorkoutTimerInterval) {\n                    clearInterval(activeWorkoutTimerInterval);\n                    activeWorkoutTimerInterval = null;\n                }\n                return;\n            }\n            \n            const startTimeStr = indicator.getAttribute("data-start-time");\n            if (!startTimeStr) return;\n            \n            const startTime = new Date(startTimeStr).getTime();\n            \n            function update() {\n                const diffMs = Date.now() - startTime;\n                const diffSecs = Math.max(0, Math.floor(diffMs / 1000));\n                \n                const hrs = Math.floor(diffSecs / 3600);\n                const mins = Math.floor((diffSecs % 3600) / 60);\n                const secs = diffSecs % 60;\n                \n                let displayStr = "";\n                if (hrs > 0) {\n                    displayStr += String(hrs).padStart(2, "0") + ":";\n                }\n                displayStr += String(mins).padStart(2, "0") + ":" + String(secs).padStart(2, "0");\n                timerSpan.innerText = displayStr;\n            }\n            \n            update();\n            if (!activeWorkoutTimerInterval) {\n                activeWorkoutTimerInterval = setInterval(update, 1000);\n            }\n        }\n        \n        document.addEventListener("DOMContentLoaded", initActiveWorkoutTimer);\n        document.body.addEventListener("htmx:afterSwap", initActiveWorkoutTimer);\n    })();\n    </script>\n</body>\n</html>' = <Response [200 OK]>.text
---------------------------- Captured stdout setup -----------------------------
Built src/salus/static/components.css from 66 component(s)
Built src/salus/static/components.js from 6 component(s)
---------------------------- Captured stderr setup -----------------------------
2026-07-07 20:21:09,594 [INFO] salus.plugin.manager: Loading plugin: demo_plugin (version 1.0.0)
2026-07-07 20:21:09,595 [INFO] salus.plugin.manager: Successfully loaded and registered plugin: demo_plugin
2026-07-07 20:21:09,671 [INFO] alembic.runtime.plugins: setup plugin alembic.autogenerate.schemas
2026-07-07 20:21:09,671 [INFO] alembic.runtime.plugins: setup plugin alembic.autogenerate.tables
2026-07-07 20:21:09,671 [INFO] alembic.runtime.plugins: setup plugin alembic.autogenerate.types
2026-07-07 20:21:09,671 [INFO] alembic.runtime.plugins: setup plugin alembic.autogenerate.constraints
2026-07-07 20:21:09,671 [INFO] alembic.runtime.plugins: setup plugin alembic.autogenerate.defaults
2026-07-07 20:21:09,671 [INFO] alembic.runtime.plugins: setup plugin alembic.autogenerate.comments
INFO  [alembic.runtime.migration] Context impl SQLiteImpl.
INFO  [alembic.runtime.migration] Will assume non-transactional DDL.
------------------------------ Captured log setup ------------------------------
INFO     salus.plugin.manager:manager.py:241 Loading plugin: demo_plugin (version 1.0.0)
INFO     salus.plugin.manager:manager.py:285 Successfully loaded and registered plugin: demo_plugin
INFO     alembic.runtime.plugins:plugins.py:37 setup plugin alembic.autogenerate.schemas
INFO     alembic.runtime.plugins:plugins.py:37 setup plugin alembic.autogenerate.tables
INFO     alembic.runtime.plugins:plugins.py:37 setup plugin alembic.autogenerate.types
INFO     alembic.runtime.plugins:plugins.py:37 setup plugin alembic.autogenerate.constraints
INFO     alembic.runtime.plugins:plugins.py:37 setup plugin alembic.autogenerate.defaults
INFO     alembic.runtime.plugins:plugins.py:37 setup plugin alembic.autogenerate.comments
----------------------------- Captured stdout call -----------------------------
DEBUG: Active session ID: 1
DEBUG: Active session logs: []
=============================== warnings summary ===============================
.venv/lib/python3.13/site-packages/fastapi/testclient.py:1
  /home/philipp/dev/salus/.venv/lib/python3.13/site-packages/fastapi/testclient.py:1: StarletteDeprecationWarning: Using `httpx` with `starlette.testclient` is deprecated; install `httpx2` instead.
    from starlette.testclient import TestClient as TestClient  # noqa

-- Docs: https://docs.pytest.org/en/stable/how-to/capture-warnings.html
=========================== short test summary info ============================
FAILED tests/test_workout.py::test_rpe10_prompt_presence - assert 'id="rpe-prompt-' in '<!DOCTYPE html>\n<html lang="en" data-theme="system">\n<head>\n    <meta charset="UTF-8">\n    <meta name="viewport" content="width=device-width, initial-scale=1.0">\n    <title>salus \u2014 Active Session</title>\n    <link rel="stylesheet" href="/static/vendor/fonts.css">\n    <link rel="stylesheet" href="/static/tokens.css">\n    <link rel="stylesheet" href="/static/components.css?v=2">\n    <link rel="manifest" href="/static/manifest.json">\n    <script src="/static/vendor/htmx.min.js"></script>\n    <script src="/static/vendor/hyperscript.min.js"></script>\n    <script src="/static/components.js?v=2" defer></script>\n    <script>\n        if (\'serviceWorker\' in navigator) {\n            window.addEventListener(\'load\', function() {\n                navigator.serviceWorker.register(\'/sw.js\').then(function(reg) {\n                    console.log(\'ServiceWorker registered with scope:\', reg.scope);\n                }).catch(function(err) {\n                    console.log(\'ServiceWorker registration failed:\', err);\n                });\n            });\n        }\n    </script>\n    \n    <style>\n        .demo-card-body {\n            background: linear-gradient(135deg, var(--color-indigo-50), var(--color-blue-50));\n            padding: 12px;\n            border-radius: 8px;\n            border: 1px solid var(--color-indigo-100);\n            color: var(--color-slate-800);\n        }\n        [data-theme="dark"] .demo-card-body {\n            background: linear-gradient(135deg, var(--color-indigo-950), #0f172a);\n            border-color: #1e1b4b;\n            color: var(--color-slate-100);\n        }\n        </style>\n    \n    \n</head>\n<body>\n\n    \n    \n    \n    <header class="top-app-bar" role="banner"\n            _="init\n               on scroll from window\n                   if window.scrollY > 8\n                       then add @data-scrolled\n                       else remove @data-scrolled\n                   end\n               end">\n        <div class="top-app-bar__inner">\n\n            <a href="/" class="top-app-bar__logo" aria-label="Home">salus</a>\n\n            <nav class="top-app-bar__nav" aria-label="Main navigation">\n                \n        \n            \n                \n    <a href="/" class="top-app-bar__nav-link" >\n        Dashboard\n    </a>\n\n            \n        \n            \n                \n    <a href="/entries" class="top-app-bar__nav-link" >\n        Logbook\n    </a>\n\n            \n        \n            \n                \n    <a href="/analytics" class="top-app-bar__nav-link" >\n        Analytics\n    </a>\n\n            \n        \n            \n                \n    <a href="/goals" class="top-app-bar__nav-link" >\n        Goals\n    </a>\n\n            \n        \n            \n                \n    <div class="nav-dropdown">\n        <button class="nav-dropdown__trigger" aria-expanded="false" aria-haspopup="true" type="button"\n                _="on click\n                    if @data-open is \'true\'\n                        remove @data-open\n                        set @aria-expanded to \'false\' then call me.blur()\n                    else\n                        send navClose to <button.nav-dropdown__trigger/>\n                        set @data-open to \'true\' then set @aria-expanded to \'true\'\n                    end\n                  end\n                  on navClose\n                    remove @data-open then set @aria-expanded to \'false\'\n                  end\n                  on blur\n                    remove @data-open then set @aria-expanded to \'false\'\n                  end">\n            Workouts <span class="nav-dropdown__chevron material-symbols-outlined" aria-hidden="true">expand_more</span>\n        </button>\n        <div class="nav-dropdown__menu" role="menu">\n                    \n                        \n    <a href="/workouts/plans" class="nav-dropdown__item" role="menuitem" >Plans</a>\n\n                    \n                        \n    <a href="/workouts/exercises" class="nav-dropdown__item" role="menuitem" >Exercises</a>\n\n                    \n                        \n    <a href="/workouts/sessions/active" class="nav-dropdown__item" role="menuitem" aria-current="page">Active</a>\n\n                    \n                </div>\n    </div>\n\n            \n        \n            \n                \n    <div class="nav-dropdown">\n        <button class="nav-dropdown__trigger" aria-expanded="false" aria-haspopup="true" type="button"\n                _="on click\n                    if @data-open is \'true\'\n                        remove @data-open\n                        set @aria-expanded to \'false\' then call me.blur()\n                    else\n                        send navClose to <button.nav-dropdown__trigger/>\n                        set @data-open to \'true\' then set @aria-expanded to \'true\'\n                    end\n                  end\n                  on navClose\n                    remove @data-open then set @aria-expanded to \'false\'\n                  end\n                  on blur\n                    remove @data-open then set @aria-expanded to \'false\'\n                  end">\n            Coach <span class="nav-dropdown__chevron material-symbols-outlined" aria-hidden="true">expand_more</span>\n        </button>\n        <div class="nav-dropdown__menu" role="menu">\n                    \n                        \n    <a href="/circadian" class="nav-dropdown__item" role="menuitem" >Circadian</a>\n\n                    \n                        \n    <a href="/insights" class="nav-dropdown__item" role="menuitem" >Chat</a>\n\n                    \n                </div>\n    </div>\n\n            \n        \n            \n                \n    <div class="nav-dropdown">\n        <button class="nav-dropdown__trigger" aria-expanded="false" aria-haspopup="true" type="button"\n                _="on click\n                    if @data-open is \'true\'\n                        remove @data-open\n                        set @aria-expanded to \'false\' then call me.blur()\n                    else\n                        send navClose to <button.nav-dropdown__trigger/>\n                        set @data-open to \'true\' then set @aria-expanded to \'true\'\n                    end\n                  end\n                  on navClose\n                    remove @data-open then set @aria-expanded to \'false\'\n                  end\n                  on blur\n                    remove @data-open then set @aria-expanded to \'false\'\n                  end">\n            Community <span class="nav-dropdown__chevron material-symbols-outlined" aria-hidden="true">expand_more</span>\n        </button>\n        <div class="nav-dropdown__menu" role="menu">\n                    \n                        \n    <a href="/sharing/feed" class="nav-dropdown__item" role="menuitem" >Feed</a>\n\n                    \n                        \n    <a href="/sharing/leaderboard" class="nav-dropdown__item" role="menuitem" >Leaderboard</a>\n\n                    \n                        \n    <a href="/sharing/connections" class="nav-dropdown__item" role="menuitem" >Connections</a>\n\n                    \n                        \n    <a href="/sharing/access-log" class="nav-dropdown__item" role="menuitem" >Access Log</a>\n\n                    \n                </div>\n    </div>\n\n            \n        \n    \n            </nav>\n\n            <span class="top-app-bar__spacer"></span>\n\n            <div class="top-app-bar__actions">\n                \n                    \n                        <a href="/workouts/sessions/active" \n                           class="active-workout-indicator" \n                           id="active-workout-indicator"\n                           data-start-time="2026-07-07T18:21:10.325990"\n                           title="Active Workout Running">\n                            \n    \n    <span class="material-symbols-outlined icon icon--18" \n           \n          aria-hidden="true"\n          >exercise</span>\n\n                            <span class="active-workout-indicator__text" id="active-workout-timer">Active</span>\n                        </a>\n                    \n                    \n<div class="notifications-menu">\n    <button class="notifications-menu__trigger" \n            hx-get="/notifications/dropdown" \n            hx-target="#notifications-dropdown-c
[...]
          \n                    \n    <a href="/workouts/sessions/active" class="drawer__link"\n       aria-current="page"\n       _="on click remove @data-open from #drawer-overlay">Active</a>\n\n                \n            \n        \n            \n                \n                    \n    <a href="/circadian" class="drawer__link"\n       \n       _="on click remove @data-open from #drawer-overlay">Circadian</a>\n\n                \n                    \n    <a href="/insights" class="drawer__link"\n       \n       _="on click remove @data-open from #drawer-overlay">Chat</a>\n\n                \n            \n        \n            \n                \n                    \n    <a href="/sharing/feed" class="drawer__link"\n       \n       _="on click remove @data-open from #drawer-overlay">Feed</a>\n\n                \n                    \n    <a href="/sharing/leaderboard" class="drawer__link"\n       \n       _="on click remove @data-open from #drawer-overlay">Leaderboard</a>\n\n                \n                    \n    <a href="/sharing/connections" class="drawer__link"\n       \n       _="on click remove @data-open from #drawer-overlay">Connections</a>\n\n                \n                    \n    <a href="/sharing/access-log" class="drawer__link"\n       \n       _="on click remove @data-open from #drawer-overlay">Access Log</a>\n\n                \n            \n        \n        \n    <a href="/settings" class="drawer__link"\n       \n       _="on click remove @data-open from #drawer-overlay">Settings</a>\n\n        \n        \n    <a href="/auth/logout" class="drawer__link"\n       \n       _="on click remove @data-open from #drawer-overlay">Logout</a>\n\n    </nav>\n        </div>\n    </div>\n\n\n    \n\n    <main style="max-width: var(--space-container-max, 1440px); margin: 0 auto; padding: var(--space-lg, 24px) var(--space-md, 16px) var(--space-3xl, 48px);">\n        \n\n<style>\n.workout-set-checkbox {\n    width: 32px;\n    height: 32px;\n    border-radius: 50%;\n    border: 1px solid var(--color-slate-300);\n    background-color: var(--color-surface-container-lowest);\n    color: var(--color-slate-400);\n    display: flex;\n    align-items: center;\n    justify-content: center;\n    cursor: pointer;\n    transition: all 150ms ease;\n    padding: 0;\n    outline: none;\n    flex-shrink: 0;\n}\n\n.workout-set-checkbox:hover {\n    background-color: var(--color-slate-100);\n    color: var(--color-slate-600);\n    border-color: var(--color-slate-400);\n}\n\n.workout-set-checkbox[data-logged="true"] {\n    background-color: var(--color-tertiary) !important;\n    color: var(--color-on-tertiary) !important;\n    border-color: var(--color-tertiary) !important;\n}\n\n.workout-set-checkbox[data-logged="true"]:hover {\n    background-color: var(--color-error-600) !important;\n    color: #ffffff !important;\n    border-color: var(--color-error-600) !important;\n}\n\n.workout-set-checkbox .material-symbols-outlined {\n    font-size: 18px;\n    font-weight: bold;\n}\n</style>\n\n<div style="display:flex;align-items:center;justify-content:space-between;margin-bottom:24px;flex-wrap:wrap;gap:12px">\n    <div>\n        <h1 style="font:var(--font-headline-lg);margin:0">Active Workout Session</h1>\n        <p style="font:var(--font-body-sm);color:var(--color-slate-500);margin:4px 0 0 0">Log your sets. Dynamic autoregulated targets are shown below.</p>\n    </div>\n    \n</div>\n\n\n    <div class="form-stack"  style="gap:24px">\n        \n\n    \n    \n    \n    \n    \n    <div\n        class="card"\n        \n        \n        \n        \n        \n        \n    >\n        \n\n        <div class="card__body">\n            \n        \n    <div class="form-stack"  style="gap:24px">\n        \n            \n        \n    </div>\n\n    \n        </div>\n    </div>\n\n\n    \n    \n    \n    \n    \n    <div\n        class="card"\n        \n        \n        \n        \n        \n        \n    >\n        \n        <div class="card__header">\n            \n            \n            \n            <h3 class="card__header-title">Finish Workout Session</h3>\n            \n            \n            \n        </div>\n        \n\n        <div class="card__body">\n            \n        <form method="post" action="/workouts/sessions/complete">\n            \n    <div class="form-stack"  >\n        \n                <input type="hidden" name="session_id" value="1">\n                <div class="input">\n                    <label for="notes" class="input__label">Session Notes / Feedback</label>\n                    <textarea id="notes" name="notes" placeholder="How did it feel today? Any pain or outstanding form?" rows="3"\n                              class="input__field" style="height:auto;resize:vertical;padding:10px"></textarea>\n                </div>\n                \n    <div class="form-actions"  >\n        \n                    \n    \n    \n    \n    \n    <button\n        class="btn"\n        data-variant="primary"\n        \n        \n        \n        \n        type="submit"\n        data-full-width-mobile\n        \n    >\n        \n        \n        \n        <span class="btn__label">Complete Workout</span>\n        \n    </button>\n\n                \n    </div>\n\n            \n    </div>\n\n        </form>\n    \n        </div>\n    </div>\n\n\n\n    </div>\n\n\n<script>\nfunction showToast(message, type) {\n    type = type || "success";\n    const hasToast = !!document.getElementById("toast-container");\n    if (hasToast) {\n        document.dispatchEvent(new CustomEvent("show-toast", {\n            detail: { message: message, type: type }\n        }));\n    } else {\n        if (type === "error") {\n            alert("Error: " + message);\n        } else {\n            alert(message);\n        }\n    }\n}\n\nfunction checkRpeFailure(exId, setNum) {\n    const wrapper = document.getElementById(`rpe-wrapper-${exId}-${setNum}`);\n    const rpeInput = document.getElementById(`rpe-${exId}-${setNum}`);\n    if (!wrapper || !rpeInput) return;\n    \n    const rpeVal = parseFloat(rpeInput.value);\n    if (!isNaN(rpeVal) && rpeVal >= 10.0) {\n        wrapper.style.borderColor = "var(--color-error, #ef4444)";\n        rpeInput.style.color = "var(--color-error, #ef4444)";\n        rpeInput.style.fontWeight = "700";\n    } else {\n        wrapper.style.borderColor = "var(--color-slate-200)";\n        rpeInput.style.color = "";\n        rpeInput.style.fontWeight = "";\n    }\n}\n\nfunction applyWeightScaling(exerciseId, totalSets) {\n    const promptContainer = document.getElementById("rpe-prompt-" + exerciseId);\n    if (!promptContainer) return;\n\n    const triggerSet = parseInt(promptContainer.getAttribute("data-trigger-set") || "1");\n    let scaledCount = 0;\n\n    for (let s = triggerSet + 1; s <= totalSets; s++) {\n        const weightInput = document.getElementById(`weight-${exerciseId}-${s}`);\n        const checkBtn = document.getElementById(`btn-${exerciseId}-${s}`);\n        \n        if (weightInput && checkBtn && checkBtn.getAttribute("data-logged") === "false") {\n            const oldWeight = parseFloat(weightInput.value);\n            if (!isNaN(oldWeight) && oldWeight > 0) {\n                let newWeight = oldWeight * 0.95;\n                // Round to nearest 0.5 kg\n                newWeight = Math.round(newWeight * 2) / 2;\n                if (newWeight >= oldWeight && newWeight > 0) {\n                    newWeight -= 0.5;\n                }\n                weightInput.value = newWeight;\n                update1RM(exerciseId, s);\n                scaledCount++;\n            }\n        }\n    }\n\n    promptContainer.style.display = "none";\n    \n    if (scaledCount > 0) {\n        if (typeof showToast === "function") {\n            showToast(`Scaled remaining sets down by 5%`, "info");\n        }\n    }\n}\n\nfunction dismissRpePrompt(exerciseId) {\n    const promptContainer = document.getElementById("rpe-prompt-" + exerciseId);\n    if (promptContainer) {\n        promptContainer.style.display = "none";\n    }\n}\n\nfunction adjustValue(inputId, delta, minVal, isReps, exId, setNum) {\n    const input = document.getElementById(inputId);\n    let val = parseFloat(input.value);\n    if (isNaN(val)) {\n        val = isReps ? 8 : 40.0;\n    }\n    val = Math.max(minVal || 0, val + delta);\n    input.value = isReps ? Math.round(val) : parseFloat(val.toFixed(1));\n    update1RM(exId, setNum);\n    if (inputId.startsWith("rpe-")) {\n        checkRpeFailure(exId, setNum);\n    }\n}\n\nfunction update1RM(exId, setNum) {\n    const weightInput = document.getElementById(`weight-${exId}-${setNum}`);\n    const repsInput = document.getElementById(`reps-${exId}-${setNum}`);\n    const display = document.getElementById(`est1rm-${exId}-${setNum}`);\n    const row = document.getElementById(`row-${exId}-${setNum}`);\n    if (!weightInput || !repsInput || !display || !row) return;\n\n    const weightVal = parseFloat(weightInput.value);\n    const repsVal = parseInt(repsInput.value);\n\n    const prWeight = parseFloat(row.getAttribute("data-pr-weight") || "0.0");\n    const prEst1RM = parseFloat(row.getAttribute("data-pr-est-1rm") || "0.0");\n\n    if (!isNaN(weightVal) && !isNaN(repsVal) && repsVal > 0) {\n        let est1rm = 0.0;\n        if (repsVal === 1) {\n            est1rm = weightVal;\n        } else {\n            est1rm = weightVal / (1.0278 - (0.0278 * repsVal));\n        }\n\n        let isPR = false;\n        if ((prWeight > 0 && weightVal > prWeight) || (prEst1RM > 0 && est1rm > prEst1RM)) {\n            isPR = true;\n        }\n\n        if (isPR) {\n            display.innerHTML = `Est. 1RM: ${est1rm.toFixed(1)} kg <span class="material-symbols-outlined" style="font-size:16px;vertical-align:middle;color:var(--color-warning-500);margin-left:4px" title="New personal record!">trophy</span>`;\n            display.style.color = "var(--color-warning-600)";\n            display.style.fontWeight = "700";\n        } else {\n            display.innerText = `Est. 1RM: ${est1rm.toFixed(1)} kg`;\n            display.style.color = "var(--color-slate-500)";\n            display.style.fontWeight = "600";\n        }\n    } else {\n        display.innerText = "Est. 1RM: --";\n        display.style.color = "var(--color-slate-500)";\n        display.style.fontWeight = "600";\n    }\n}\n\nasync function logSet(sessionId, exerciseId, setNumber) {\n    const weight = parseFloat(document.getElementById(`weight-${exerciseId}-${setNumber}`).value);\n    const reps = parseInt(document.getElementById(`reps-${exerciseId}-${setNumber}`).value);\n    const rpeInput = document.getElementById(`rpe-${exerciseId}-${setNumber}`).value;\n    const rpe = rpeInput ? parseFloat(rpeInput) : null;\n    const btn = document.getElementById(`btn-${exerciseId}-${setNumber}`);\n    const row = document.getElementById(`row-${exerciseId}-${setNumber}`);\n    \n    if (!btn || !row) return;\n\n    const isLogged = btn.getAttribute("data-logged") === "true";\n\n    if (isLogged) {\n        // Toggle OFF (Unsubmit)\n        try {\n            const response = await fetch(`/api/v1/workouts/sessions/log?session_id=${sessionId}&exercise_id=${exerciseId}&set_number=${setNumber}`, {\n                method: "DELETE"\n            });\n            if (response.ok) {\n                btn.setAttribute("data-logged", "false");\n                btn.innerHTML = `<span class="material-symbols-outlined">check</span>`;\n                row.style.opacity = "1.0";\n\n                // Re-enable inputs and adjust buttons\n                row.querySelectorAll("input").forEach(i => i.disabled = false);\n                row.querySelectorAll("button:not(.workout-set-checkbox)").forEach(b => b.disabled = false);\n            } else {\n                const err = await response.json();\n                const errMsg = "Failed to unlog set: " + (err.detail || "Unknown error");\n                if (typeof showToast === "function") {\n                    showToast(errMsg, "error");\n                } else {\n                    alert(errMsg);\n                }\n            }\n        } catch (e) {\n            if (typeof showToast === "function") {\n                showToast("Error connecting to server.", "error");\n            } else {\n                alert("Error connecting to server.");\n            }\n        }\n    } else {\n        // Toggle ON (Submit)\n        if (isNaN(weight) || isNaN(reps)) {\n            if (typeof showToast === "function") {\n                showToast("Please enter a valid weight and reps count.", "error");\n            } else {\n                alert("Please enter a valid weight and reps count.");\n            }\n            return;\n        }\n        try {\n            const response = await fetch(`/api/v1/workouts/sessions/log?session_id=${sessionId}`, {\n                method: "POST", headers: {"Content-Type": "application/json"},\n                body: JSON.stringify({ exercise_id: exerciseId, set_number: setNumber, weight: weight, reps: reps, rpe: rpe })\n            });\n            if (response.ok) {\n                btn.setAttribute("data-logged", "true");\n                btn.innerHTML = `<span class="material-symbols-outlined">done</span>`;\n                row.style.opacity = "0.75";\n\n                // Disable inputs and adjust buttons\n                row.querySelectorAll("input").forEach(i => i.disabled = true);\n                row.querySelectorAll("button:not(.workout-set-checkbox)").forEach(b => b.disabled = true);\n\n                // PR check for toast notification\n                const prWeight = parseFloat(row.getAttribute("data-pr-weight") || "0.0");\n                const prEst1RM = parseFloat(row.getAttribute("data-pr-est-1rm") || "0.0");\n\n                let est1rm = 0.0;\n                if (reps === 1) {\n                    est1rm = weight;\n                } else {\n                    est1rm = weight / (1.0278 - (0.0278 * reps));\n                }\n\n                let isPR = false;\n                if ((prWeight > 0 && weight > prWeight) || (prEst1RM > 0 && est1rm > prEst1RM)) {\n                    isPR = true;\n                }\n\n                if (isPR) {\n                    if (typeof showToast === "function") {\n                        showToast(`\U0001f389 New Personal Record! ${weight} kg x ${reps} reps!`, "success");\n                    } else {\n                        alert(`\U0001f389 New Personal Record! ${weight} kg x ${reps} reps!`);\n                    }\n                } else {\n                    if (typeof showToast === "function") {\n                        showToast("Set logged successfully!", "success");\n                    }\n                }\n\n                // Trigger the global persistent rest-timer (90 seconds)\n                window.dispatchEvent(new CustomEvent("start-rest-timer", { detail: { duration: 90 } }));\n\n                // RPE 10 Auto-Scaling Guardrail check\n                if (rpe === 10.0) {\n                    const promptContainer = document.getElementById("rpe-prompt-" + exerciseId);\n                    if (promptContainer) {\n                        let hasSubsequent = false;\n                        let s = setNumber + 1;\n                        while (true) {\n                            const nextBtn = document.getElementById(`btn-${exerciseId}-${s}`);\n                            if (!nextBtn) break;\n                            if (nextBtn.getAttribute("data-logged") === "false") {\n                                hasSubsequent = true;\n                                break;\n                            }\n                            s++;\n                        }\n                        if (hasSubsequent) {\n                            promptContainer.style.display = "flex";\n                            promptContainer.setAttribute("data-trigger-set", setNumber);\n                        }\n                    }\n                }\n            } else {\n                const err = await response.json();\n                const errMsg = "Failed to log set: " + (err.detail || "Unknown error");\n                if (typeof showToast === "function") {\n                    showToast(errMsg, "error");\n                } else {\n                    alert(errMsg);\n                }\n            }\n        } catch (e) {\n            if (typeof showToast === "function") {\n                showToast("Error connecting to server.", "error");\n            } else {\n                alert("Error connecting to server.");\n            }\n        }\n    }\n}\n\n// Calculate initial 1RMs and check RPE failures on page load\ndocument.addEventListener("DOMContentLoaded", function() {\n    document.querySelectorAll("[id^=\'est1rm-\']").forEach(function(span) {\n        const idParts = span.id.split("-");\n        if (idParts.length === 3) {\n            update1RM(idParts[1], idParts[2]);\n        }\n    });\n    document.querySelectorAll("input[id^=\'rpe-\']").forEach(function(input) {\n        const idParts = input.id.split("-");\n        if (idParts.length === 3) {\n            checkRpeFailure(idParts[1], idParts[2]);\n        }\n    });\n});\n</script>\n\n    </main>\n\n    \n    <script>console.log(\'Demo Plugin Loaded in browser!\');</script>\n    \n    <div id="modal-container"></div>\n    <div id="toast-container" class="toast-container"></div>\n    \n<div id="rest-timer-pill" class="rest-timer-pill" data-active="false" role="timer">\n    <span class="rest-timer-pill__icon material-symbols-outlined" aria-hidden="true">timer</span>\n    <span id="rest-timer-countdown">0s</span>\n    <button id="rest-timer-add-btn" class="rest-timer-pill__btn" type="button">+30s</button>\n    <button id="rest-timer-close-btn" class="rest-timer-pill__close" type="button" aria-label="Dismiss timer">\n        <span class="material-symbols-outlined" style="font-size:16px">close</span>\n    </button>\n</div>\n\n\n    <script>\n    (function() {\n        let activeWorkoutTimerInterval = null;\n\n        function initActiveWorkoutTimer() {\n            const timerSpan = document.getElementById("active-workout-timer");\n            const indicator = document.getElementById("active-workout-indicator");\n            if (!timerSpan || !indicator) {\n                if (activeWorkoutTimerInterval) {\n                    clearInterval(activeWorkoutTimerInterval);\n                    activeWorkoutTimerInterval = null;\n                }\n                return;\n            }\n            \n            const startTimeStr = indicator.getAttribute("data-start-time");\n            if (!startTimeStr) return;\n            \n            const startTime = new Date(startTimeStr).getTime();\n            \n            function update() {\n                const diffMs = Date.now() - startTime;\n                const diffSecs = Math.max(0, Math.floor(diffMs / 1000));\n                \n                const hrs = Math.floor(diffSecs / 3600);\n                const mins = Math.floor((diffSecs % 3600) / 60);\n                const secs = diffSecs % 60;\n                \n                let displayStr = "";\n                if (hrs > 0) {\n                    displayStr += String(hrs).padStart(2, "0") + ":";\n                }\n                displayStr += String(mins).padStart(2, "0") + ":" + String(secs).padStart(2, "0");\n                timerSpan.innerText = displayStr;\n            }\n            \n            update();\n            if (!activeWorkoutTimerInterval) {\n                activeWorkoutTimerInterval = setInterval(update, 1000);\n            }\n        }\n        \n        document.addEventListener("DOMContentLoaded", initActiveWorkoutTimer);\n        document.body.addEventListener("htmx:afterSwap", initActiveWorkoutTimer);\n    })();\n    </script>\n</body>\n</html>' = <Response [200 OK]>.text
================== 1 failed, 5 deselected, 1 warning in 1.25s ==================
